2025.07.10 09:02:08 INFO  Started: Metals version 1.6.0 in folders '/home/name/vivado_prj/vivado-risc-v' for client Visual Studio Code 1.101.2.
7月 10, 2025 9:10:32 上午 org.eclipse.lsp4j.jsonrpc.services.GenericEndpoint notify
信息: Unsupported notification method: $/setTrace
2025.07.10 09:13:30 INFO  mill version 0.12.14 detected to use as a bsp server.
2025.07.10 09:13:30 INFO  No mill version specified.
2025.07.10 09:13:30 INFO  You should provide a version via a '//| mill-version: ' comment or a '.mill-version' file.
2025.07.10 09:13:30 INFO  Retrieving latest mill version ...
2025.07.10 09:13:30 INFO  Using mill version 0.12.14
2025.07.10 09:13:30 INFO  Downloading mill 0.12.14 from https://repo1.maven.org/maven2/com/lihaoyi/mill-dist/0.12.14/mill-dist-0.12.14.exe ...
2025.07.10 09:13:30 INFO    % Total    % Received % Xferd  Average Speed   Time    Time     Time  Current
2025.07.10 09:13:30 INFO                                   Dload  Upload   Total   Spent    Left  Speed
2025.07.10 09:13:30 INFO  
2025.07.10 09:13:31 INFO    0     0    0     0    0     0      0      0 --:--:-- --:--:-- --:--:--     0
2025.07.10 09:13:31 INFO    0     0    0     0    0     0      0      0 --:--:-- --:--:-- --:--:--     0
2025.07.10 09:13:33 INFO    0 65.4M    0  175k    0     0   138k      0  0:08:03  0:00:01  0:08:02  138k
2025.07.10 09:13:33 INFO    1 65.4M    1 1151k    0     0   506k      0  0:02:12  0:00:02  0:02:10  506k
2025.07.10 09:13:35 INFO    3 65.4M    3 2127k    0     0   650k      0  0:01:43  0:00:03  0:01:40  650k
2025.07.10 09:13:35 INFO    4 65.4M    4 3099k    0     0   725k      0  0:01:32  0:00:04  0:01:28  725k
2025.07.10 09:13:37 INFO    6 65.4M    6 4059k    0     0   770k      0  0:01:26  0:00:05  0:01:21  845k
2025.07.10 09:13:37 INFO    7 65.4M    7 5055k    0     0   805k      0  0:01:23  0:00:06  0:01:17  974k
2025.07.10 09:13:39 INFO    8 65.4M    8 6015k    0     0   826k      0  0:01:21  0:00:07  0:01:14  972k
2025.07.10 09:13:40 INFO   10 65.4M   10 6975k    0     0   843k      0  0:01:19  0:00:08  0:01:11  969k
2025.07.10 09:13:40 INFO   11 65.4M   11 7967k    0     0   858k      0  0:01:18  0:00:09  0:01:09  972k
2025.07.10 09:13:42 INFO   13 65.4M   13 8927k    0     0   869k      0  0:01:17  0:00:10  0:01:07  973k
2025.07.10 09:13:42 INFO   14 65.4M   14 9823k    0     0   865k      0  0:01:17  0:00:11  0:01:06  941k
2025.07.10 09:13:44 INFO   15 65.4M   15 10.4M    0     0   872k      0  0:01:16  0:00:12  0:01:04  938k
2025.07.10 09:13:44 INFO   17 65.4M   17 11.4M    0     0   880k      0  0:01:16  0:00:13  0:01:03  940k
2025.07.10 09:13:46 INFO   18 65.4M   18 12.3M    0     0   886k      0  0:01:15  0:00:14  0:01:01  939k
2025.07.10 09:13:47 INFO   20 65.4M   20 13.2M    0     0   891k      0  0:01:15  0:00:15  0:01:00  938k
2025.07.10 09:13:47 INFO   21 65.4M   21 14.2M    0     0   896k      0  0:01:14  0:00:16  0:00:58  968k
2025.07.10 09:13:49 INFO   23 65.4M   23 15.2M    0     0   901k      0  0:01:14  0:00:17  0:00:57  972k
2025.07.10 09:13:49 INFO   24 65.4M   24 16.1M    0     0   905k      0  0:01:14  0:00:18  0:00:56  972k
2025.07.10 09:13:51 INFO   26 65.4M   26 17.1M    0     0   909k      0  0:01:13  0:00:19  0:00:54  972k
2025.07.10 09:13:51 INFO   27 65.4M   27 18.0M    0     0   912k      0  0:01:13  0:00:20  0:00:53  974k
2025.07.10 09:13:53 INFO   29 65.4M   29 18.9M    0     0   914k      0  0:01:13  0:00:21  0:00:52  973k
2025.07.10 09:13:53 INFO   30 65.4M   30 19.7M    0     0   910k      0  0:01:13  0:00:22  0:00:51  940k
2025.07.10 09:13:55 INFO   31 65.4M   31 20.7M    0     0   912k      0  0:01:13  0:00:23  0:00:50  937k
2025.07.10 09:13:56 INFO   33 65.4M   33 21.6M    0     0   915k      0  0:01:13  0:00:24  0:00:49  937k
2025.07.10 09:13:56 INFO   34 65.4M   34 22.6M    0     0   917k      0  0:01:13  0:00:25  0:00:48  937k
2025.07.10 09:13:58 INFO   36 65.4M   36 23.5M    0     0   919k      0  0:01:12  0:00:26  0:00:46  937k
2025.07.10 09:13:59 INFO   37 65.4M   37 24.5M    0     0   921k      0  0:01:12  0:00:27  0:00:45  970k
2025.07.10 09:13:59 INFO   38 65.4M   38 25.4M    0     0   922k      0  0:01:12  0:00:28  0:00:44  972k
2025.07.10 09:14:01 INFO   40 65.4M   40 26.4M    0     0   924k      0  0:01:12  0:00:29  0:00:43  972k
2025.07.10 09:14:02 INFO   41 65.4M   41 27.3M    0     0   926k      0  0:01:12  0:00:30  0:00:42  973k
2025.07.10 09:14:02 INFO   43 65.4M   43 28.3M    0     0   927k      0  0:01:12  0:00:31  0:00:41  972k
2025.07.10 09:14:04 INFO   44 65.4M   44 29.1M    0     0   924k      0  0:01:12  0:00:32  0:00:40  940k
2025.07.10 09:14:05 INFO   45 65.4M   45 30.0M    0     0   925k      0  0:01:12  0:00:33  0:00:39  941k
2025.07.10 09:14:06 INFO   47 65.4M   47 31.0M    0     0   927k      0  0:01:12  0:00:34  0:00:38  940k
2025.07.10 09:14:07 INFO   48 65.4M   48 31.9M    0     0   927k      0  0:01:12  0:00:35  0:00:37  933k
2025.07.10 09:14:07 INFO   50 65.4M   50 32.9M    0     0   928k      0  0:01:12  0:00:36  0:00:36  936k
2025.07.10 09:14:09 INFO   51 65.4M   51 33.8M    0     0   930k      0  0:01:12  0:00:37  0:00:35  969k
2025.07.10 09:14:09 INFO   53 65.4M   53 34.8M    0     0   931k      0  0:01:11  0:00:38  0:00:33  969k
2025.07.10 09:14:11 INFO   54 65.4M   54 35.7M    0     0   932k      0  0:01:11  0:00:39  0:00:32  966k
2025.07.10 09:14:11 INFO   56 65.4M   56 36.7M    0     0   933k      0  0:01:11  0:00:40  0:00:31  972k
2025.07.10 09:14:13 INFO   57 65.4M   57 37.6M    0     0   934k      0  0:01:11  0:00:41  0:00:30  973k
2025.07.10 09:14:13 INFO   58 65.4M   58 38.4M    0     0   931k      0  0:01:11  0:00:42  0:00:29  944k
2025.07.10 09:14:15 INFO   60 65.4M   60 39.3M    0     0   932k      0  0:01:11  0:00:43  0:00:28  937k
2025.07.10 09:14:15 INFO   61 65.4M   61 40.3M    0     0   933k      0  0:01:11  0:00:44  0:00:27  940k
2025.07.10 09:14:17 INFO   63 65.4M   63 41.2M    0     0   933k      0  0:01:11  0:00:45  0:00:26  938k
2025.07.10 09:14:18 INFO   64 65.4M   64 42.2M    0     0   934k      0  0:01:11  0:00:46  0:00:25  937k
2025.07.10 09:14:18 INFO   65 65.4M   65 43.1M    0     0   935k      0  0:01:11  0:00:47  0:00:24  965k
2025.07.10 09:14:20 INFO   67 65.4M   67 44.1M    0     0   936k      0  0:01:11  0:00:48  0:00:23  972k
2025.07.10 09:14:21 INFO   68 65.4M   68 45.0M    0     0   937k      0  0:01:11  0:00:49  0:00:22  972k
2025.07.10 09:14:21 INFO   70 65.4M   70 46.0M    0     0   937k      0  0:01:11  0:00:50  0:00:21  975k
2025.07.10 09:14:23 INFO   71 65.4M   71 46.9M    0     0   938k      0  0:01:11  0:00:51  0:00:20  972k
2025.07.10 09:14:24 INFO   73 65.4M   73 47.9M    0     0   939k      0  0:01:11  0:00:52  0:00:19  972k
2025.07.10 09:14:24 INFO   74 65.4M   74 48.7M    0     0   936k      0  0:01:11  0:00:53  0:00:18  940k
2025.07.10 09:14:26 INFO   75 65.4M   75 49.6M    0     0   937k      0  0:01:11  0:00:54  0:00:17  938k
2025.07.10 09:14:26 INFO   77 65.4M   77 50.6M    0     0   937k      0  0:01:11  0:00:55  0:00:16  938k
2025.07.10 09:14:28 INFO   78 65.4M   78 51.5M    0     0   938k      0  0:01:11  0:00:56  0:00:15  940k
2025.07.10 09:14:28 INFO   80 65.4M   80 52.5M    0     0   939k      0  0:01:11  0:00:57  0:00:14  940k
2025.07.10 09:14:30 INFO   81 65.4M   81 53.4M    0     0   939k      0  0:01:11  0:00:58  0:00:13  973k
2025.07.10 09:14:31 INFO   83 65.4M   83 54.4M    0     0   940k      0  0:01:11  0:00:59  0:00:12  974k
2025.07.10 09:14:31 INFO   84 65.4M   84 55.3M    0     0   940k      0  0:01:11  0:01:00  0:00:11  974k
2025.07.10 09:14:33 INFO   86 65.4M   86 56.3M    0     0   941k      0  0:01:11  0:01:01  0:00:10  972k
2025.07.10 09:14:34 INFO   87 65.4M   87 57.2M    0     0   941k      0  0:01:11  0:01:02  0:00:09  972k
2025.07.10 09:14:34 INFO   88 65.4M   88 58.0M    0     0   939k      0  0:01:11  0:01:03  0:00:08  933k
2025.07.10 09:14:36 INFO   90 65.4M   90 58.9M    0     0   940k      0  0:01:11  0:01:04  0:00:07  935k
2025.07.10 09:14:37 INFO   91 65.4M   91 59.9M    0     0   940k      0  0:01:11  0:01:05  0:00:06  933k
2025.07.10 09:14:37 INFO   93 65.4M   93 60.9M    0     0   941k      0  0:01:11  0:01:06  0:00:05  937k
2025.07.10 09:14:39 INFO   94 65.4M   94 61.8M    0     0   941k      0  0:01:11  0:01:07  0:00:04  934k
2025.07.10 09:14:39 INFO   95 65.4M   95 62.7M    0     0   941k      0  0:01:11  0:01:08  0:00:03  973k
2025.07.10 09:14:41 INFO   97 65.4M   97 63.7M    0     0   942k      0  0:01:11  0:01:09  0:00:02  972k
2025.07.10 09:14:41 INFO   98 65.4M   98 64.6M    0     0   942k      0  0:01:11  0:01:10  0:00:01  973k
2025.07.10 09:14:41 INFO  100 65.4M  100 65.4M    0     0   943k      0  0:01:11  0:01:11 --:--:--  972k
2025.07.10 09:14:42 INFO  ============================== mill.bsp.BSP/install --jobs 0 ==============================
2025.07.10 09:14:59 INFO  [build.sc-61/65] compile
2025.07.10 09:14:59 INFO  [build.sc-61] [info] compiling 4 Scala sources to /home/name/vivado_prj/vivado-risc-v/rocket-chip/out/mill-build/compile.dest/classes ...
2025.07.10 09:15:01 INFO  [build.sc-61] [error] /home/name/vivado_prj/vivado-risc-v/rocket-chip/build.sc:56:11: not found: value millbuild
2025.07.10 09:15:01 INFO  [build.sc-61] [error]   extends millbuild.cde.common.CDEModule
2025.07.10 09:15:01 INFO  [build.sc-61] [error]           ^
2025.07.10 09:15:01 INFO  [build.sc-61] [error] /home/name/vivado_prj/vivado-risc-v/rocket-chip/build.sc:24:11: not found: value millbuild
2025.07.10 09:15:01 INFO  [build.sc-61] [error]   extends millbuild.common.MacrosModule
2025.07.10 09:15:01 INFO  [build.sc-61] [error]           ^
2025.07.10 09:15:01 INFO  [build.sc-61] [error] /home/name/vivado_prj/vivado-risc-v/rocket-chip/build.sc:68:11: not found: value millbuild
2025.07.10 09:15:01 INFO  [build.sc-61] [error]   extends millbuild.common.RocketChipModule
2025.07.10 09:15:01 INFO  [build.sc-61] [error]           ^
2025.07.10 09:15:03 INFO  [build.sc-61] [error] /home/name/vivado_prj/vivado-risc-v/rocket-chip/build.sc:36:11: not found: value millbuild
2025.07.10 09:15:03 INFO  [build.sc-61] [error]   extends millbuild.hardfloat.common.HardfloatModule
2025.07.10 09:15:03 INFO  [build.sc-61] [error]           ^
2025.07.10 09:15:06 INFO  [build.sc-61] [error] four errors found
2025.07.10 09:15:06 INFO  [65/65, 1 failed] ======================= mill.bsp.BSP/install --jobs 0 ====================== 23s
2025.07.10 09:15:06 INFO  1 tasks failed
2025.07.10 09:15:06 INFO  compile Compilation failed
2025.07.10 09:15:06 INFO  time: ran 'mill-bsp bspConfig' in 1m36s
2025.07.10 09:15:06 ERROR Creation of .bsp/mill-bsp failed with exit code: 1
2025.07.10 09:15:18 WARN  no build target for: /home/name/vivado_prj/vivado-risc-v/src/main/scala/rocket.scala
2025.07.10 09:15:18 INFO  no build target found for /home/name/vivado_prj/vivado-risc-v/src/main/scala/rocket.scala. Using presentation compiler with project's scala-library version: 3.3.6
2025.07.10 09:15:18 WARN  no build target for: /home/name/vivado_prj/vivado-risc-v/build.sbt
2025.07.10 09:15:20 INFO  no build target found for /home/name/vivado_prj/vivado-risc-v/build.sbt. Using presentation compiler with project's scala-library version: 3.3.6
2025.07.10 09:15:30 INFO  sbt 1.3.13 found for workspace.
2025.07.10 09:15:30 WARN  Unable to start sbt bsp server. Make sure you have sbt >= 1.4.1 defined in your build.properties file.
2025.07.10 09:16:26 INFO  no build target found for /home/name/vivado_prj/vivado-risc-v/src/main/scala/rocket.scala. Using presentation compiler with project's scala-library version: 3.3.6
2025.07.10 09:16:26 WARN  no build target for: /home/name/vivado_prj/vivado-risc-v/src/main/scala/rocket.scala
2025.07.10 09:16:26 INFO  no build target found for /home/name/vivado_prj/vivado-risc-v/src/main/scala/rocket.scala. Using presentation compiler with project's scala-library version: 3.3.6
2025.07.10 09:16:26 INFO  no build target found for /home/name/vivado_prj/vivado-risc-v/src/main/scala/rocket.scala. Using presentation compiler with project's scala-library version: 3.3.6
2025.07.10 09:16:26 INFO  no build target found for /home/name/vivado_prj/vivado-risc-v/src/main/scala/rocket.scala. Using presentation compiler with project's scala-library version: 3.3.6
7月 10, 2025 9:16:33 上午 org.eclipse.lsp4j.jsonrpc.services.GenericEndpoint notify
信息: Unsupported notification method: $/setTrace
7月 10, 2025 9:16:33 上午 org.eclipse.lsp4j.jsonrpc.services.GenericEndpoint notify
信息: Unsupported notification method: $/setTrace
7月 10, 2025 9:16:33 上午 org.eclipse.lsp4j.jsonrpc.services.GenericEndpoint notify
信息: Unsupported notification method: $/setTrace
7月 10, 2025 9:16:33 上午 org.eclipse.lsp4j.jsonrpc.services.GenericEndpoint notify
信息: Unsupported notification method: $/setTrace
2025.07.10 09:17:47 INFO  no build target found for /home/name/vivado_prj/vivado-risc-v/src/main/scala/rocket.scala. Using presentation compiler with project's scala-library version: 3.3.6
2025.07.10 09:17:49 WARN  no build target for: /home/name/vivado_prj/vivado-risc-v/src/main/scala/rocket.scala
2025.07.10 09:17:49 INFO  no build target found for /home/name/vivado_prj/vivado-risc-v/src/main/scala/rocket.scala. Using presentation compiler with project's scala-library version: 3.3.6
2025.07.10 09:18:18 INFO  no build target found for /home/name/vivado_prj/vivado-risc-v/build.sbt. Using presentation compiler with project's scala-library version: 3.3.6
2025.07.10 09:18:29 INFO  no build target found for /home/name/vivado_prj/vivado-risc-v/rocket-chip/src/main/scala/diplomacy/Main.scala. Using presentation compiler with project's scala-library version: 3.3.6
2025.07.10 09:18:29 INFO  no build target found for /home/name/vivado_prj/vivado-risc-v/rocket-chip/src/main/scala/diplomacy/Main.scala. Using presentation compiler with project's scala-library version: 3.3.6
2025.07.10 09:18:29 WARN  no build target for: /home/name/vivado_prj/vivado-risc-v/rocket-chip/src/main/scala/diplomacy/Main.scala
2025.07.10 09:18:30 INFO  no build target found for /home/name/vivado_prj/vivado-risc-v/rocket-chip/src/main/scala/diplomacy/Main.scala. Using presentation compiler with project's scala-library version: 3.3.6
2025.07.10 09:18:29 INFO  no build target found for /home/name/vivado_prj/vivado-risc-v/rocket-chip/src/main/scala/diplomacy/Main.scala. Using presentation compiler with project's scala-library version: 3.3.6
2025.07.10 09:18:29 INFO  no build target found for /home/name/vivado_prj/vivado-risc-v/rocket-chip/src/main/scala/diplomacy/Main.scala. Using presentation compiler with project's scala-library version: 3.3.6
2025.07.10 09:18:42 INFO  no build target found for /home/name/vivado_prj/vivado-risc-v/rocket-chip/src/main/scala/diplomacy/Main.scala. Using presentation compiler with project's scala-library version: 3.3.6
2025.07.10 09:20:56 INFO  no build target found for /home/name/vivado_prj/vivado-risc-v/rocket-chip/src/main/scala/diplomacy/Main.scala. Using presentation compiler with project's scala-library version: 3.3.6
2025.07.10 09:20:57 INFO  no build target found for /home/name/vivado_prj/vivado-risc-v/rocket-chip/src/main/scala/diplomacy/Main.scala. Using presentation compiler with project's scala-library version: 3.3.6
2025.07.10 09:21:05 INFO  no build target found for /home/name/vivado_prj/vivado-risc-v/rocket-chip/src/main/scala/diplomacy/AddressRange.scala. Using presentation compiler with project's scala-library version: 3.3.6
2025.07.10 09:21:05 INFO  no build target found for /home/name/vivado_prj/vivado-risc-v/rocket-chip/src/main/scala/diplomacy/AddressRange.scala. Using presentation compiler with project's scala-library version: 3.3.6
2025.07.10 09:21:05 WARN  no build target for: /home/name/vivado_prj/vivado-risc-v/rocket-chip/src/main/scala/diplomacy/AddressRange.scala
2025.07.10 09:21:05 INFO  no build target found for /home/name/vivado_prj/vivado-risc-v/rocket-chip/src/main/scala/diplomacy/AddressRange.scala. Using presentation compiler with project's scala-library version: 3.3.6
2025.07.10 09:21:06 INFO  no build target found for /home/name/vivado_prj/vivado-risc-v/rocket-chip/src/main/scala/diplomacy/AddressRange.scala. Using presentation compiler with project's scala-library version: 3.3.6
2025.07.10 09:21:09 INFO  no build target found for /home/name/vivado_prj/vivado-risc-v/rocket-chip/src/main/scala/diplomacy/Main.scala. Using presentation compiler with project's scala-library version: 3.3.6
2025.07.10 09:21:09 WARN  no build target for: /home/name/vivado_prj/vivado-risc-v/rocket-chip/src/main/scala/diplomacy/Main.scala
2025.07.10 09:21:09 INFO  no build target found for /home/name/vivado_prj/vivado-risc-v/rocket-chip/src/main/scala/diplomacy/Main.scala. Using presentation compiler with project's scala-library version: 3.3.6
2025.07.10 09:21:09 INFO  no build target found for /home/name/vivado_prj/vivado-risc-v/rocket-chip/src/main/scala/diplomacy/Main.scala. Using presentation compiler with project's scala-library version: 3.3.6
2025.07.10 09:24:45 INFO  no build target found for /home/name/vivado_prj/vivado-risc-v/rocket-chip/src/main/scala/diplomacy/Main.scala. Using presentation compiler with project's scala-library version: 3.3.6
2025.07.10 09:39:18 INFO  no build target found for /home/name/vivado_prj/vivado-risc-v/build.sbt. Using presentation compiler with project's scala-library version: 3.3.6
2025.07.10 09:39:18 WARN  no build target for: /home/name/vivado_prj/vivado-risc-v/build.sbt
2025.07.10 09:40:20 INFO  no build target found for /home/name/vivado_prj/vivado-risc-v/rocket-chip/src/main/scala/diplomacy/AddressRange.scala. Using presentation compiler with project's scala-library version: 3.3.6
2025.07.10 09:42:18 INFO  no build target found for /home/name/vivado_prj/vivado-risc-v/build.sbt. Using presentation compiler with project's scala-library version: 3.3.6
2025.07.10 09:43:14 INFO  no build target found for /home/name/vivado_prj/vivado-risc-v/build.sbt. Using presentation compiler with project's scala-library version: 3.3.6
2025.07.10 09:43:14 WARN  no build target for: /home/name/vivado_prj/vivado-risc-v/build.sbt
2025.07.10 09:46:14 INFO  no build target found for /home/name/vivado_prj/vivado-risc-v/build.sbt. Using presentation compiler with project's scala-library version: 3.3.6
2025.07.10 09:48:10 INFO  no build target found for /home/name/vivado_prj/vivado-risc-v/build.sbt. Using presentation compiler with project's scala-library version: 3.3.6
2025.07.10 09:48:10 WARN  no build target for: /home/name/vivado_prj/vivado-risc-v/build.sbt
2025.07.10 09:51:10 INFO  no build target found for /home/name/vivado_prj/vivado-risc-v/build.sbt. Using presentation compiler with project's scala-library version: 3.3.6
2025.07.10 09:51:37 INFO  no build target found for /home/name/vivado_prj/vivado-risc-v/build.sbt. Using presentation compiler with project's scala-library version: 3.3.6
2025.07.10 09:51:37 WARN  no build target for: /home/name/vivado_prj/vivado-risc-v/build.sbt
2025.07.10 09:54:37 INFO  no build target found for /home/name/vivado_prj/vivado-risc-v/build.sbt. Using presentation compiler with project's scala-library version: 3.3.6
2025.07.10 09:56:54 INFO  no build target found for /home/name/vivado_prj/vivado-risc-v/build.sbt. Using presentation compiler with project's scala-library version: 3.3.6
2025.07.10 09:56:54 WARN  no build target for: /home/name/vivado_prj/vivado-risc-v/build.sbt
2025.07.10 09:59:54 INFO  no build target found for /home/name/vivado_prj/vivado-risc-v/build.sbt. Using presentation compiler with project's scala-library version: 3.3.6
2025.07.10 10:00:42 INFO  no build target found for /home/name/vivado_prj/vivado-risc-v/build.sbt. Using presentation compiler with project's scala-library version: 3.3.6
2025.07.10 10:00:42 WARN  no build target for: /home/name/vivado_prj/vivado-risc-v/build.sbt
2025.07.10 10:03:42 INFO  no build target found for /home/name/vivado_prj/vivado-risc-v/build.sbt. Using presentation compiler with project's scala-library version: 3.3.6
2025.07.10 10:03:44 INFO  no build target found for /home/name/vivado_prj/vivado-risc-v/build.sbt. Using presentation compiler with project's scala-library version: 3.3.6
2025.07.10 10:03:44 WARN  no build target for: /home/name/vivado_prj/vivado-risc-v/build.sbt
2025.07.10 10:06:44 INFO  no build target found for /home/name/vivado_prj/vivado-risc-v/build.sbt. Using presentation compiler with project's scala-library version: 3.3.6
2025.07.10 10:15:35 INFO  no build target found for /home/name/vivado_prj/vivado-risc-v/build.sbt. Using presentation compiler with project's scala-library version: 3.3.6
2025.07.10 10:15:35 WARN  no build target for: /home/name/vivado_prj/vivado-risc-v/build.sbt
2025.07.10 10:18:49 INFO  no build target found for /home/name/vivado_prj/vivado-risc-v/build.sbt. Using presentation compiler with project's scala-library version: 3.3.6
2025.07.10 10:26:56 INFO  no build target found for /home/name/vivado_prj/vivado-risc-v/build.sbt. Using presentation compiler with project's scala-library version: 3.3.6
2025.07.10 10:26:56 WARN  no build target for: /home/name/vivado_prj/vivado-risc-v/build.sbt
2025.07.10 10:29:56 INFO  no build target found for /home/name/vivado_prj/vivado-risc-v/build.sbt. Using presentation compiler with project's scala-library version: 3.3.6
2025.07.10 10:31:42 INFO  no build target found for /home/name/vivado_prj/vivado-risc-v/build.sbt. Using presentation compiler with project's scala-library version: 3.3.6
2025.07.10 10:31:42 WARN  no build target for: /home/name/vivado_prj/vivado-risc-v/build.sbt
2025.07.10 10:34:42 INFO  no build target found for /home/name/vivado_prj/vivado-risc-v/build.sbt. Using presentation compiler with project's scala-library version: 3.3.6
2025.07.10 10:39:28 INFO  no build target found for /home/name/vivado_prj/vivado-risc-v/build.sbt. Using presentation compiler with project's scala-library version: 3.3.6
2025.07.10 10:39:28 WARN  no build target for: /home/name/vivado_prj/vivado-risc-v/build.sbt
2025.07.10 10:42:21 INFO  no build target found for /home/name/vivado_prj/vivado-risc-v/src/main/scala/rocket.scala. Using presentation compiler with project's scala-library version: 3.3.6
2025.07.10 10:42:21 WARN  no build target for: /home/name/vivado_prj/vivado-risc-v/src/main/scala/rocket.scala
2025.07.10 10:42:21 INFO  no build target found for /home/name/vivado_prj/vivado-risc-v/src/main/scala/rocket.scala. Using presentation compiler with project's scala-library version: 3.3.6
2025.07.10 10:42:21 INFO  no build target found for /home/name/vivado_prj/vivado-risc-v/src/main/scala/rocket.scala. Using presentation compiler with project's scala-library version: 3.3.6
2025.07.10 10:42:21 INFO  no build target found for /home/name/vivado_prj/vivado-risc-v/src/main/scala/rocket.scala. Using presentation compiler with project's scala-library version: 3.3.6
2025.07.10 10:42:21 INFO  no build target found for /home/name/vivado_prj/vivado-risc-v/src/main/scala/rocket.scala. Using presentation compiler with project's scala-library version: 3.3.6
2025.07.10 10:42:28 INFO  no build target found for /home/name/vivado_prj/vivado-risc-v/build.sbt. Using presentation compiler with project's scala-library version: 3.3.6
